[1/10] Performing build step for 'bootloader'
[1/1] cmd.exe /C "cd /D "C:\ESP IDF\project_esp\TEST1\build\bootloader\esp-idf\esptool_py" && C:\Espressif\python_env\idf5.3_py3.11_env\Scripts\python.exe C:/Espressif/frameworks/esp-idf-v5.3.1/components/partition_table/check_sizes.py --offset 0x8000 bootloader 0x1000 "C:/ESP IDF/project_esp/TEST1/build/bootloader/bootloader.bin""
Bootloader binary size 0x6880 bytes. 0x780 bytes (7%) free.
[2/8] Building C object esp-idf/UART_GPS/CMakeFiles/__idf_UART_GPS.dir/UART_GPS.c.obj
FAILED: esp-idf/UART_GPS/CMakeFiles/__idf_UART_GPS.dir/UART_GPS.c.obj 
ccache C:\Espressif\tools\xtensa-esp-elf\esp-13.2.0_20240530\xtensa-esp-elf\bin\xtensa-esp32-elf-gcc.exe -DESP_PLATFORM -DIDF_VER=\"v5.3.1-dirty\" -DSOC_MMU_PAGE_SIZE=CONFIG_MMU_PAGE_SIZE -DSOC_XTAL_FREQ_MHZ=CONFIG_XTAL_FREQ -D_GLIBCXX_HAVE_POSIX_SEMAPHORE -D_GLIBCXX_USE_POSIX_SEMAPHORE -D_GNU_SOURCE -D_POSIX_READER_WRITER_LOCKS -I"C:/ESP IDF/project_esp/TEST1/build/config" -I"C:/ESP IDF/project_esp/TEST1/UART_GPS/include" -IC:/Espressif/frameworks/esp-idf-v5.3.1/components/newlib/platform_include -IC:/Espressif/frameworks/esp-idf-v5.3.1/components/freertos/config/include -IC:/Espressif/frameworks/esp-idf-v5.3.1/components/freertos/config/include/freertos -IC:/Espressif/frameworks/esp-idf-v5.3.1/components/freertos/config/xtensa/include -IC:/Espressif/frameworks/esp-idf-v5.3.1/components/freertos/FreeRTOS-Kernel/include -IC:/Espressif/frameworks/esp-idf-v5.3.1/components/freertos/FreeRTOS-Kernel/portable/xtensa/include -IC:/Espressif/frameworks/esp-idf-v5.3.1/components/freertos/FreeRTOS-Kernel/portable/xtensa/include/freertos -IC:/Espressif/frameworks/esp-idf-v5.3.1/components/freertos/esp_additions/include -IC:/Espressif/frameworks/esp-idf-v5.3.1/components/esp_hw_support/include -IC:/Espressif/frameworks/esp-idf-v5.3.1/components/esp_hw_support/include/soc -IC:/Espressif/frameworks/esp-idf-v5.3.1/components/esp_hw_support/include/soc/esp32 -IC:/Espressif/frameworks/esp-idf-v5.3.1/components/esp_hw_support/dma/include -IC:/Espressif/frameworks/esp-idf-v5.3.1/components/esp_hw_support/ldo/include -IC:/Espressif/frameworks/esp-idf-v5.3.1/components/esp_hw_support/port/esp32/. -IC:/Espressif/frameworks/esp-idf-v5.3.1/components/esp_hw_support/port/esp32/include -IC:/Espressif/frameworks/esp-idf-v5.3.1/components/heap/include -IC:/Espressif/frameworks/esp-idf-v5.3.1/components/log/include -IC:/Espressif/frameworks/esp-idf-v5.3.1/components/soc/include -IC:/Espressif/frameworks/esp-idf-v5.3.1/components/soc/esp32 -IC:/Espressif/frameworks/esp-idf-v5.3.1/components/soc/esp32/include -IC:/Espressif/frameworks/esp-idf-v5.3.1/components/hal/platform_port/include -IC:/Espressif/frameworks/esp-idf-v5.3.1/components/hal/esp32/include -IC:/Espressif/frameworks/esp-idf-v5.3.1/components/hal/include -IC:/Espressif/frameworks/esp-idf-v5.3.1/components/esp_rom/include -IC:/Espressif/frameworks/esp-idf-v5.3.1/components/esp_rom/include/esp32 -IC:/Espressif/frameworks/esp-idf-v5.3.1/components/esp_rom/esp32 -IC:/Espressif/frameworks/esp-idf-v5.3.1/components/esp_common/include -IC:/Espressif/frameworks/esp-idf-v5.3.1/components/esp_system/include -IC:/Espressif/frameworks/esp-idf-v5.3.1/components/esp_system/port/soc -IC:/Espressif/frameworks/esp-idf-v5.3.1/components/esp_system/port/include/private -IC:/Espressif/frameworks/esp-idf-v5.3.1/components/xtensa/esp32/include -IC:/Espressif/frameworks/esp-idf-v5.3.1/components/xtensa/include -IC:/Espressif/frameworks/esp-idf-v5.3.1/components/xtensa/deprecated_include -IC:/Espressif/frameworks/esp-idf-v5.3.1/components/lwip/include -IC:/Espressif/frameworks/esp-idf-v5.3.1/components/lwip/include/apps -IC:/Espressif/frameworks/esp-idf-v5.3.1/components/lwip/include/apps/sntp -IC:/Espressif/frameworks/esp-idf-v5.3.1/components/lwip/lwip/src/include -IC:/Espressif/frameworks/esp-idf-v5.3.1/components/lwip/port/include -IC:/Espressif/frameworks/esp-idf-v5.3.1/components/lwip/port/freertos/include -IC:/Espressif/frameworks/esp-idf-v5.3.1/components/lwip/port/esp32xx/include -IC:/Espressif/frameworks/esp-idf-v5.3.1/components/lwip/port/esp32xx/include/arch -IC:/Espressif/frameworks/esp-idf-v5.3.1/components/lwip/port/esp32xx/include/sys -mlongcalls -Wno-frame-address  -fno-builtin-memcpy -fno-builtin-memset -fno-builtin-bzero -fno-builtin-stpcpy -fno-builtin-strncpy -fdiagnostics-color=always -ffunction-sections -fdata-sections -Wall -Werror=all -Wno-error=unused-function -Wno-error=unused-variable -Wno-error=unused-but-set-variable -Wno-error=deprecated-declarations -Wextra -Wno-unused-parameter -Wno-sign-compare -Wno-enum-conversion -gdwarf-4 -ggdb -Og -fno-shrink-wrap "-fmacro-prefix-map=C:/ESP IDF/project_esp/TEST1=." -fmacro-prefix-map=C:/Espressif/frameworks/esp-idf-v5.3.1=/IDF -fstrict-volatile-bitfields -fno-jump-tables -fno-tree-switch-conversion -std=gnu17 -Wno-old-style-declaration -MD -MT esp-idf/UART_GPS/CMakeFiles/__idf_UART_GPS.dir/UART_GPS.c.obj -MF esp-idf\UART_GPS\CMakeFiles\__idf_UART_GPS.dir\UART_GPS.c.obj.d -o esp-idf/UART_GPS/CMakeFiles/__idf_UART_GPS.dir/UART_GPS.c.obj -c "C:/ESP IDF/project_esp/TEST1/UART_GPS/UART_GPS.c"
C:/ESP IDF/project_esp/TEST1/UART_GPS/UART_GPS.c: In function 'uart_init':
C:/ESP IDF/project_esp/TEST1/UART_GPS/UART_GPS.c:13:5: error: unknown type name 'uart_config_t'
   13 |     uart_config_t uart_config = {
      |     ^~~~~~~~~~~~~
C:/ESP IDF/project_esp/TEST1/UART_GPS/UART_GPS.c:14:9: error: field name not in record or union initializer
   14 |         .baud_rate = ECHO_UART_BAUD_RATE,
      |         ^
C:/ESP IDF/project_esp/TEST1/UART_GPS/UART_GPS.c:14:9: note: (near initialization for 'uart_config')
C:/ESP IDF/project_esp/TEST1/UART_GPS/UART_GPS.c:15:9: error: field name not in record or union initializer
   15 |         .data_bits = UART_DATA_8_BITS,
      |         ^
C:/ESP IDF/project_esp/TEST1/UART_GPS/UART_GPS.c:15:9: note: (near initialization for 'uart_config')
C:/ESP IDF/project_esp/TEST1/UART_GPS/UART_GPS.c:15:22: error: 'UART_DATA_8_BITS' undeclared (first use in this function)
   15 |         .data_bits = UART_DATA_8_BITS,
      |                      ^~~~~~~~~~~~~~~~
C:/ESP IDF/project_esp/TEST1/UART_GPS/UART_GPS.c:15:22: note: each undeclared identifier is reported only once for each function it appears in
C:/ESP IDF/project_esp/TEST1/UART_GPS/UART_GPS.c:15:22: warning: excess elements in scalar initializer
C:/ESP IDF/project_esp/TEST1/UART_GPS/UART_GPS.c:15:22: note: (near initialization for 'uart_config')
C:/ESP IDF/project_esp/TEST1/UART_GPS/UART_GPS.c:16:9: error: field name not in record or union initializer
   16 |         .parity = UART_PARITY_DISABLE,
      |         ^
C:/ESP IDF/project_esp/TEST1/UART_GPS/UART_GPS.c:16:9: note: (near initialization for 'uart_config')
C:/ESP IDF/project_esp/TEST1/UART_GPS/UART_GPS.c:16:19: error: 'UART_PARITY_DISABLE' undeclared (first use in this function)
   16 |         .parity = UART_PARITY_DISABLE,
      |                   ^~~~~~~~~~~~~~~~~~~
C:/ESP IDF/project_esp/TEST1/UART_GPS/UART_GPS.c:16:19: warning: excess elements in scalar initializer
C:/ESP IDF/project_esp/TEST1/UART_GPS/UART_GPS.c:16:19: note: (near initialization for 'uart_config')
C:/ESP IDF/project_esp/TEST1/UART_GPS/UART_GPS.c:17:9: error: field name not in record or union initializer
   17 |         .stop_bits = UART_STOP_BITS_1,
      |         ^
C:/ESP IDF/project_esp/TEST1/UART_GPS/UART_GPS.c:17:9: note: (near initialization for 'uart_config')
C:/ESP IDF/project_esp/TEST1/UART_GPS/UART_GPS.c:17:22: error: 'UART_STOP_BITS_1' undeclared (first use in this function)
   17 |         .stop_bits = UART_STOP_BITS_1,
      |                      ^~~~~~~~~~~~~~~~
C:/ESP IDF/project_esp/TEST1/UART_GPS/UART_GPS.c:17:22: warning: excess elements in scalar initializer
C:/ESP IDF/project_esp/TEST1/UART_GPS/UART_GPS.c:17:22: note: (near initialization for 'uart_config')
C:/ESP IDF/project_esp/TEST1/UART_GPS/UART_GPS.c:18:9: error: field name not in record or union initializer
   18 |         .flow_ctrl = UART_HW_FLOWCTRL_DISABLE,
      |         ^
C:/ESP IDF/project_esp/TEST1/UART_GPS/UART_GPS.c:18:9: note: (near initialization for 'uart_config')
C:/ESP IDF/project_esp/TEST1/UART_GPS/UART_GPS.c:18:22: error: 'UART_HW_FLOWCTRL_DISABLE' undeclared (first use in this function)
   18 |         .flow_ctrl = UART_HW_FLOWCTRL_DISABLE,
      |                      ^~~~~~~~~~~~~~~~~~~~~~~~
C:/ESP IDF/project_esp/TEST1/UART_GPS/UART_GPS.c:18:22: warning: excess elements in scalar initializer
C:/ESP IDF/project_esp/TEST1/UART_GPS/UART_GPS.c:18:22: note: (near initialization for 'uart_config')
C:/ESP IDF/project_esp/TEST1/UART_GPS/UART_GPS.c:19:9: error: field name not in record or union initializer
   19 |         .source_clk = UART_SCLK_DEFAULT,
      |         ^
C:/ESP IDF/project_esp/TEST1/UART_GPS/UART_GPS.c:19:9: note: (near initialization for 'uart_config')
C:/ESP IDF/project_esp/TEST1/UART_GPS/UART_GPS.c:19:23: error: 'UART_SCLK_DEFAULT' undeclared (first use in this function)
   19 |         .source_clk = UART_SCLK_DEFAULT,
      |                       ^~~~~~~~~~~~~~~~~
C:/ESP IDF/project_esp/TEST1/UART_GPS/UART_GPS.c:19:23: warning: excess elements in scalar initializer
C:/ESP IDF/project_esp/TEST1/UART_GPS/UART_GPS.c:19:23: note: (near initialization for 'uart_config')
C:/ESP IDF/project_esp/TEST1/UART_GPS/UART_GPS.c:23:5: error: implicit declaration of function 'ESP_ERROR_CHECK' [-Werror=implicit-function-declaration]
   23 |     ESP_ERROR_CHECK(uart_driver_install(ECHO_UART_PORT_NUM, BUF_SIZE * 2, 0, 0, NULL, 0));
      |     ^~~~~~~~~~~~~~~
C:/ESP IDF/project_esp/TEST1/UART_GPS/UART_GPS.c:23:21: error: implicit declaration of function 'uart_driver_install' [-Werror=implicit-function-declaration]
   23 |     ESP_ERROR_CHECK(uart_driver_install(ECHO_UART_PORT_NUM, BUF_SIZE * 2, 0, 0, NULL, 0));
      |                     ^~~~~~~~~~~~~~~~~~~
In file included from C:/ESP IDF/project_esp/TEST1/UART_GPS/UART_GPS.c:2:
C:/ESP IDF/project_esp/TEST1/UART_GPS/include/UART_GPS.h:8:29: error: 'UART_NUM_2' undeclared (first use in this function)
    8 | #define ECHO_UART_PORT_NUM (UART_NUM_2)
      |                             ^~~~~~~~~~
C:/ESP IDF/project_esp/TEST1/UART_GPS/UART_GPS.c:23:41: note: in expansion of macro 'ECHO_UART_PORT_NUM'
   23 |     ESP_ERROR_CHECK(uart_driver_install(ECHO_UART_PORT_NUM, BUF_SIZE * 2, 0, 0, NULL, 0));
      |                                         ^~~~~~~~~~~~~~~~~~
C:/ESP IDF/project_esp/TEST1/UART_GPS/UART_GPS.c:24:21: error: implicit declaration of function 'uart_param_config' [-Werror=implicit-function-declaration]
   24 |     ESP_ERROR_CHECK(uart_param_config(ECHO_UART_PORT_NUM, &uart_config));
      |                     ^~~~~~~~~~~~~~~~~
C:/ESP IDF/project_esp/TEST1/UART_GPS/UART_GPS.c:25:21: error: implicit declaration of function 'uart_set_pin' [-Werror=implicit-function-declaration]
   25 |     ESP_ERROR_CHECK(uart_set_pin(ECHO_UART_PORT_NUM, ECHO_TEST_TXD, ECHO_TEST_RXD, UART_PIN_NO_CHANGE, UART_PIN_NO_CHANGE));
      |                     ^~~~~~~~~~~~
C:/ESP IDF/project_esp/TEST1/UART_GPS/UART_GPS.c:25:84: error: 'UART_PIN_NO_CHANGE' undeclared (first use in this function)
   25 |     ESP_ERROR_CHECK(uart_set_pin(ECHO_UART_PORT_NUM, ECHO_TEST_TXD, ECHO_TEST_RXD, UART_PIN_NO_CHANGE, UART_PIN_NO_CHANGE));
      |                                                                                    ^~~~~~~~~~~~~~~~~~
C:/ESP IDF/project_esp/TEST1/UART_GPS/UART_GPS.c: In function 'esp_uart_write_byte':
C:/ESP IDF/project_esp/TEST1/UART_GPS/UART_GPS.c:30:9: error: implicit declaration of function 'uart_write_bytes'; did you mean 'esp_uart_write_byte'? [-Werror=implicit-function-declaration]
   30 |     if (uart_write_bytes(ECHO_UART_PORT_NUM, (const char *)buffer, strlen(buffer)) == -1)
      |         ^~~~~~~~~~~~~~~~
      |         esp_uart_write_byte
C:/ESP IDF/project_esp/TEST1/UART_GPS/include/UART_GPS.h:8:29: error: 'UART_NUM_2' undeclared (first use in this function)
    8 | #define ECHO_UART_PORT_NUM (UART_NUM_2)
      |                             ^~~~~~~~~~
C:/ESP IDF/project_esp/TEST1/UART_GPS/UART_GPS.c:30:26: note: in expansion of macro 'ECHO_UART_PORT_NUM'
   30 |     if (uart_write_bytes(ECHO_UART_PORT_NUM, (const char *)buffer, strlen(buffer)) == -1)
      |                          ^~~~~~~~~~~~~~~~~~
C:/ESP IDF/project_esp/TEST1/UART_GPS/UART_GPS.c: In function 'GPS_location':
C:/ESP IDF/project_esp/TEST1/UART_GPS/UART_GPS.c:71:19: error: implicit declaration of function 'uart_read_bytes' [-Werror=implicit-function-declaration]
   71 |         int len = uart_read_bytes(ECHO_UART_PORT_NUM, data, (BUF_SIZE - 1), 100 / portTICK_PERIOD_MS);
      |                   ^~~~~~~~~~~~~~~
C:/ESP IDF/project_esp/TEST1/UART_GPS/include/UART_GPS.h:8:29: error: 'UART_NUM_2' undeclared (first use in this function)
    8 | #define ECHO_UART_PORT_NUM (UART_NUM_2)
      |                             ^~~~~~~~~~
C:/ESP IDF/project_esp/TEST1/UART_GPS/UART_GPS.c:71:35: note: in expansion of macro 'ECHO_UART_PORT_NUM'
   71 |         int len = uart_read_bytes(ECHO_UART_PORT_NUM, data, (BUF_SIZE - 1), 100 / portTICK_PERIOD_MS);
      |                                   ^~~~~~~~~~~~~~~~~~
C:/ESP IDF/project_esp/TEST1/UART_GPS/UART_GPS.c:71:83: error: 'portTICK_PERIOD_MS' undeclared (first use in this function)
   71 |         int len = uart_read_bytes(ECHO_UART_PORT_NUM, data, (BUF_SIZE - 1), 100 / portTICK_PERIOD_MS);
      |                                                                                   ^~~~~~~~~~~~~~~~~~
cc1.exe: some warnings being treated as errors
ninja: build stopped: subcommand failed.
