[1/12] Linking C static library esp-idf\SUB_MQTT\libSUB_MQTT.a
[2/12] Performing build step for 'bootloader'
[1/1] cmd.exe /C "cd /D "C:\ESP IDF\project_esp\TEST2\build\bootloader\esp-idf\esptool_py" && C:\Espressif\python_env\idf5.3_py3.11_env\Scripts\python.exe C:/Espressif/frameworks/esp-idf-v5.3.1/components/partition_table/check_sizes.py --offset 0x8000 bootloader 0x1000 "C:/ESP IDF/project_esp/TEST2/build/bootloader/bootloader.bin""
Bootloader binary size 0x6880 bytes. 0x780 bytes (7%) free.
[3/10] Building C object esp-idf/wifi_config/CMakeFiles/__idf_wifi_config.dir/wifi_config.c.obj
[4/10] Linking C static library esp-idf\wifi_config\libwifi_config.a
[5/10] Building C object esp-idf/main/CMakeFiles/__idf_main.dir/TEST2.c.obj
[6/10] Linking C static library esp-idf\main\libmain.a
[7/10] Generating ld/sections.ld
[8/10] Linking CXX executable TEST2.elf
FAILED: TEST2.elf 
cmd.exe /C "cd . && C:\Espressif\tools\xtensa-esp-elf\esp-13.2.0_20240530\xtensa-esp-elf\bin\xtensa-esp32-elf-g++.exe -mlongcalls -Wno-frame-address  -fno-builtin-memcpy -fno-builtin-memset -fno-builtin-bzero -fno-builtin-stpcpy -fno-builtin-strncpy -Wl,--cref -Wl,--defsym=IDF_TARGET_ESP32=0 "-Wl,--Map=C:/ESP IDF/project_esp/TEST2/build/TEST2.map" -Wl,--no-warn-rwx-segments -fno-rtti -fno-lto -Wl,--gc-sections -Wl,--warn-common -T esp32.peripherals.ld -T esp32.rom.ld -T esp32.rom.api.ld -T esp32.rom.libgcc.ld -T esp32.rom.newlib-data.ld -T esp32.rom.syscalls.ld -T esp32.rom.newlib-funcs.ld -T memory.ld -T sections.ld @CMakeFiles\TEST2.elf.rsp -o TEST2.elf  && cd ."
C:/Espressif/tools/xtensa-esp-elf/esp-13.2.0_20240530/xtensa-esp-elf/bin/../lib/gcc/xtensa-esp-elf/13.2.0/../../../../xtensa-esp-elf/bin/ld.exe: esp-idf/wifi_config/libwifi_config.a(wifi_config.c.obj):C:/ESP IDF/project_esp/TEST2/Components/wifi_config/include/wifi_config.h:38: multiple definition of `TAG_wifi'; esp-idf/main/libmain.a(TEST2.c.obj):C:/ESP IDF/project_esp/TEST2/Components/wifi_config/include/wifi_config.h:38: first defined here
C:/Espressif/tools/xtensa-esp-elf/esp-13.2.0_20240530/xtensa-esp-elf/bin/../lib/gcc/xtensa-esp-elf/13.2.0/../../../../xtensa-esp-elf/bin/ld.exe: esp-idf/SUB_MQTT/libSUB_MQTT.a(SUB_MQTT.c.obj):C:/ESP IDF/project_esp/TEST2/Components/SUB_MQTT/include/SUB_MQTT.h:9: multiple definition of `TAG_MQTT'; esp-idf/main/libmain.a(TEST2.c.obj):C:/ESP IDF/project_esp/TEST2/Components/SUB_MQTT/include/SUB_MQTT.h:9: first defined here
collect2.exe: error: ld returned 1 exit status
ninja: build stopped: subcommand failed.
