[1/12] Performing build step for 'bootloader'
[1/1] cmd.exe /C "cd /D "C:\ESP IDF\project_esp\TEST2\build\bootloader\esp-idf\esptool_py" && C:\Espressif\python_env\idf5.3_py3.11_env\Scripts\python.exe C:/Espressif/frameworks/esp-idf-v5.3.1/components/partition_table/check_sizes.py --offset 0x8000 bootloader 0x1000 "C:/ESP IDF/project_esp/TEST2/build/bootloader/bootloader.bin""
Bootloader binary size 0x6880 bytes. 0x780 bytes (7%) free.
[2/10] Building C object esp-idf/SUB_MQTT/CMakeFiles/__idf_SUB_MQTT.dir/SUB_MQTT.c.obj
[3/10] Building C object esp-idf/main/CMakeFiles/__idf_main.dir/TEST2.c.obj
C:/ESP IDF/project_esp/TEST2/main/TEST2.c: In function 'gps_mqtt':
C:/ESP IDF/project_esp/TEST2/main/TEST2.c:40:9: warning: unused variable 'timeout' [-Wunused-variable]
   40 |     int timeout = 0;
      |         ^~~~~~~
C:/ESP IDF/project_esp/TEST2/main/TEST2.c: In function 'app_main':
C:/ESP IDF/project_esp/TEST2/main/TEST2.c:92:17: warning: passing argument 1 of 'xTaskCreate' from incompatible pointer type [-Wincompatible-pointer-types]
   92 |     xTaskCreate(gps_mqtt, "gps_mqtt", 4096, NULL, 5, NULL);
      |                 ^~~~~~~~
      |                 |
      |                 void (*)(void)
In file included from C:/Espressif/frameworks/esp-idf-v5.3.1/components/freertos/esp_additions/include/freertos/idf_additions.h:20,
                 from C:/Espressif/frameworks/esp-idf-v5.3.1/components/freertos/FreeRTOS-Kernel/include/freertos/FreeRTOS.h:1533,
                 from C:/ESP IDF/project_esp/TEST2/main/TEST2.c:3:
C:/Espressif/frameworks/esp-idf-v5.3.1/components/freertos/FreeRTOS-Kernel/include/freertos/task.h:371:44: note: expected 'TaskFunction_t' {aka 'void (*)(void *)'} but argument is of type 'void (*)(void)'
  371 |     BaseType_t xTaskCreate( TaskFunction_t pxTaskCode,
      |                             ~~~~~~~~~~~~~~~^~~~~~~~~~
In file included from C:/ESP IDF/project_esp/TEST2/main/TEST2.c:31:
C:/ESP IDF/project_esp/TEST2/Components/uart_sub/include/uart_sub.h: At top level:
C:/ESP IDF/project_esp/TEST2/Components/uart_sub/include/uart_sub.h:22:20: warning: 'TAG' defined but not used [-Wunused-variable]
   22 | static const char *TAG = "UART SIMSOM";
      |                    ^~~
In file included from C:/ESP IDF/project_esp/TEST2/main/TEST2.c:30:
C:/ESP IDF/project_esp/TEST2/Components/wifi_config/include/wifi_config.h:38:20: warning: 'TAG_wifi' defined but not used [-Wunused-variable]
   38 | static const char *TAG_wifi = "WiFi";
      |                    ^~~~~~~~
[4/10] Linking C static library esp-idf\SUB_MQTT\libSUB_MQTT.a
[5/10] Linking C static library esp-idf\main\libmain.a
[6/10] Generating ld/sections.ld
[7/10] Linking CXX executable TEST2.elf
FAILED: TEST2.elf 
cmd.exe /C "cd . && C:\Espressif\tools\xtensa-esp-elf\esp-13.2.0_20240530\xtensa-esp-elf\bin\xtensa-esp32-elf-g++.exe -mlongcalls -Wno-frame-address  -fno-builtin-memcpy -fno-builtin-memset -fno-builtin-bzero -fno-builtin-stpcpy -fno-builtin-strncpy -Wl,--cref -Wl,--defsym=IDF_TARGET_ESP32=0 "-Wl,--Map=C:/ESP IDF/project_esp/TEST2/build/TEST2.map" -Wl,--no-warn-rwx-segments -fno-rtti -fno-lto -Wl,--gc-sections -Wl,--warn-common -T esp32.peripherals.ld -T esp32.rom.ld -T esp32.rom.api.ld -T esp32.rom.libgcc.ld -T esp32.rom.newlib-data.ld -T esp32.rom.syscalls.ld -T esp32.rom.newlib-funcs.ld -T memory.ld -T sections.ld @CMakeFiles\TEST2.elf.rsp -o TEST2.elf  && cd ."
C:/Espressif/tools/xtensa-esp-elf/esp-13.2.0_20240530/xtensa-esp-elf/bin/../lib/gcc/xtensa-esp-elf/13.2.0/../../../../xtensa-esp-elf/bin/ld.exe: esp-idf/SUB_MQTT/libSUB_MQTT.a(SUB_MQTT.c.obj):C:/ESP IDF/project_esp/TEST2/Components/SUB_MQTT/SUB_MQTT.c:35: multiple definition of `client'; esp-idf/main/libmain.a(TEST2.c.obj):C:/ESP IDF/project_esp/TEST2/main/TEST2.c:36: first defined here
collect2.exe: error: ld returned 1 exit status
ninja: build stopped: subcommand failed.
